<?xml version="1.0" encoding="UTF-8"?>
<testng-results ignored="0" total="2" passed="2" failed="0" skipped="0">
  <reporter-output>
  </reporter-output>
  <suite started-at="2022-11-08T11:22:42 IST" name="Suite" finished-at="2022-11-08T11:23:19 IST" duration-ms="37769">
    <groups>
    </groups>
    <test started-at="2022-11-08T11:22:42 IST" name="Test" finished-at="2022-11-08T11:23:19 IST" duration-ms="37769">
      <class name="Testcase.Test1">
        <test-method is-config="true" signature="setUp()[pri:0, instance:Testcase.Test1@368247b9]" started-at="2022-11-08T11:22:42 IST" name="setUp" finished-at="2022-11-08T11:22:45 IST" duration-ms="3110" status="PASS">
          <reporter-output>
          </reporter-output>
        </test-method> <!-- setUp -->
        <test-method signature="verifygooglesearchprocess()[pri:1, instance:Testcase.Test1@368247b9]" started-at="2022-11-08T11:22:45 IST" name="verifygooglesearchprocess" finished-at="2022-11-08T11:22:50 IST" duration-ms="5204" status="PASS">
          <reporter-output>
          </reporter-output>
        </test-method> <!-- verifygooglesearchprocess -->
        <test-method signature="clickOnSearchedUrl()[pri:2, instance:Testcase.Test1@368247b9]" started-at="2022-11-08T11:22:50 IST" name="clickOnSearchedUrl" finished-at="2022-11-08T11:23:19 IST" duration-ms="29087" status="PASS">
          <reporter-output>
          </reporter-output>
        </test-method> <!-- clickOnSearchedUrl -->
        <test-method is-config="true" signature="down()[pri:0, instance:Testcase.Test1@368247b9]" started-at="2022-11-08T11:23:19 IST" name="down" finished-at="2022-11-08T11:23:19 IST" duration-ms="307" status="PASS">
          <reporter-output>
          </reporter-output>
        </test-method> <!-- down -->
      </class> <!-- Testcase.Test1 -->
    </test> <!-- Test -->
  </suite> <!-- Suite -->
</testng-results>
